<?xml version="1.0" encoding="utf-8"?><testsuites name="pytest tests"><testsuite name="pytest" errors="0" failures="0" skipped="0" tests="22" time="188.970" timestamp="2026-04-08T22:58:11.292663+00:00" hostname="agent-env-36ef0d0f-77bc-4173-87b2-7322c3fc46d0"><testcase classname="backend.tests.test_adt_operations.TestOperationTypes" name="test_get_operation_types" time="0.574" /><testcase classname="backend.tests.test_adt_operations.TestOperationTypes" name="test_seed_operation_types" time="0.142" /><testcase classname="backend.tests.test_adt_operations.TestOperationTypes" name="test_create_operation_type" time="0.121" /><testcase classname="backend.tests.test_adt_operations.TestOperationTypes" name="test_update_operation_type" time="0.121" /><testcase classname="backend.tests.test_adt_operations.TestOperationTypes" name="test_delete_operation_type" time="0.215" /><testcase classname="backend.tests.test_adt_operations.TestPatients" name="test_get_patients" time="0.787" /><testcase classname="backend.tests.test_adt_operations.TestPatients" name="test_create_patient" time="0.141" /><testcase classname="backend.tests.test_adt_operations.TestPatients" name="test_update_patient" time="0.148" /><testcase classname="backend.tests.test_adt_operations.TestADTAdmission" name="test_admission_creates_patient_and_sends_hl7" time="11.501" /><testcase classname="backend.tests.test_adt_operations.TestADTTransfer" name="test_transfer_patient_regular_room" time="22.059" /><testcase classname="backend.tests.test_adt_operations.TestADTTransfer" name="test_transfer_patient_unknown_location" time="21.270" /><testcase classname="backend.tests.test_adt_operations.TestADTTransfer" name="test_transfer_patient_or_room" time="21.331" /><testcase classname="backend.tests.test_adt_operations.TestADTDischarge" name="test_immediate_discharge" time="22.104" /><testcase classname="backend.tests.test_adt_operations.TestADTDischarge" name="test_scheduled_discharge" time="10.897" /><testcase classname="backend.tests.test_adt_operations.TestADTUpdate" name="test_update_with_orm_order" time="22.150" /><testcase classname="backend.tests.test_adt_operations.TestADTUpdate" name="test_update_with_oru_result" time="21.396" /><testcase classname="backend.tests.test_adt_operations.TestADTUpdate" name="test_update_with_medication" time="21.432" /><testcase classname="backend.tests.test_adt_operations.TestErrorHandling" name="test_admission_invalid_environment" time="0.825" /><testcase classname="backend.tests.test_adt_operations.TestErrorHandling" name="test_admission_invalid_tenant" time="0.120" /><testcase classname="backend.tests.test_adt_operations.TestErrorHandling" name="test_transfer_patient_not_found" time="0.119" /><testcase classname="backend.tests.test_adt_operations.TestErrorHandling" name="test_update_invalid_operation_type" time="10.824" /><testcase classname="backend.tests.test_adt_operations.TestCleanup" name="test_cleanup_test_patients" time="0.627" /></testsuite></testsuites>