<?xml version="1.0" encoding="utf-8"?><testsuites name="pytest tests"><testsuite name="pytest" errors="0" failures="0" skipped="0" tests="31" time="62.874" timestamp="2026-04-02T16:25:02.196419+00:00" hostname="agent-env-36ef0d0f-77bc-4173-87b2-7322c3fc46d0"><testcase classname="backend.tests.test_msgrouter_api.TestHealthAndSeed" name="test_api_root" time="0.524" /><testcase classname="backend.tests.test_msgrouter_api.TestHealthAndSeed" name="test_seed_data" time="0.113" /><testcase classname="backend.tests.test_msgrouter_api.TestAuthentication" name="test_login_success" time="0.460" /><testcase classname="backend.tests.test_msgrouter_api.TestAuthentication" name="test_login_invalid_credentials" time="0.123" /><testcase classname="backend.tests.test_msgrouter_api.TestAuthentication" name="test_get_current_user" time="0.543" /><testcase classname="backend.tests.test_msgrouter_api.TestAuthentication" name="test_unauthorized_access" time="0.116" /><testcase classname="backend.tests.test_msgrouter_api.TestEnvironmentCRUD" name="test_get_environments" time="0.511" /><testcase classname="backend.tests.test_msgrouter_api.TestEnvironmentCRUD" name="test_create_environment" time="0.682" /><testcase classname="backend.tests.test_msgrouter_api.TestEnvironmentCRUD" name="test_update_environment" time="0.799" /><testcase classname="backend.tests.test_msgrouter_api.TestEnvironmentCRUD" name="test_delete_environment" time="0.751" /><testcase classname="backend.tests.test_msgrouter_api.TestTenantCRUD" name="test_get_tenants" time="0.665" /><testcase classname="backend.tests.test_msgrouter_api.TestTenantCRUD" name="test_get_tenants_by_environment" time="0.631" /><testcase classname="backend.tests.test_msgrouter_api.TestTenantCRUD" name="test_create_tenant" time="0.725" /><testcase classname="backend.tests.test_msgrouter_api.TestTenantCRUD" name="test_update_tenant" time="0.923" /><testcase classname="backend.tests.test_msgrouter_api.TestTenantCRUD" name="test_delete_tenant" time="0.729" /><testcase classname="backend.tests.test_msgrouter_api.TestTemplateCRUD" name="test_get_templates" time="0.773" /><testcase classname="backend.tests.test_msgrouter_api.TestTemplateCRUD" name="test_create_template" time="0.883" /><testcase classname="backend.tests.test_msgrouter_api.TestTemplateCRUD" name="test_update_template" time="1.034" /><testcase classname="backend.tests.test_msgrouter_api.TestTemplateCRUD" name="test_delete_template" time="0.900" /><testcase classname="backend.tests.test_msgrouter_api.TestMessageSending" name="test_send_message" time="11.433" /><testcase classname="backend.tests.test_msgrouter_api.TestAuditLogs" name="test_get_audit_logs" time="0.553" /><testcase classname="backend.tests.test_msgrouter_api.TestAuditLogs" name="test_get_audit_logs_with_limit" time="0.521" /><testcase classname="backend.tests.test_msgrouter_api.TestAuditLogs" name="test_get_audit_logs_by_status" time="0.526" /><testcase classname="backend.tests.test_msgrouter_api.TestAuditLogs" name="test_reprocess_message" time="11.134" /><testcase classname="backend.tests.test_msgrouter_api.TestAuditLogs" name="test_bulk_reprocess" time="21.635" /><testcase classname="backend.tests.test_msgrouter_api.TestScheduledMessages" name="test_get_scheduled_messages" time="0.909" /><testcase classname="backend.tests.test_msgrouter_api.TestScheduledMessages" name="test_create_scheduled_message" time="1.036" /><testcase classname="backend.tests.test_msgrouter_api.TestScheduledMessages" name="test_delete_scheduled_message" time="0.983" /><testcase classname="backend.tests.test_msgrouter_api.TestDashboardStats" name="test_get_dashboard_stats" time="0.915" /><testcase classname="backend.tests.test_msgrouter_api.TestUserManagement" name="test_get_users" time="0.527" /><testcase classname="backend.tests.test_msgrouter_api.TestUserManagement" name="test_register_user" time="0.585" /></testsuite></testsuites>